[2026-07-17 23:07:56] 批量保存路径已选: E:/stock-tool/config
[2026-07-17 23:07:58] 已保存 3 位UP主到Excel
[2026-07-17 23:08:28] 已保存 2 位UP主到Excel
[2026-07-17 23:09:03] 已保存 3 位UP主到Excel
[2026-07-18 20:26:41] 批量保存路径已选: C:/Users/Administrator/Desktop/视频
[2026-07-18 20:26:43] 已保存 3 位UP主到Excel
[2026-07-18 20:36:50] 批量保存路径已选: C:/Users/Administrator/Desktop/视频
[2026-07-18 20:39:48] 批量保存路径已选: C:/Users/Administrator/Desktop/视频
[2026-07-18 20:41:54] 批量保存路径已选: C:/Users/Administrator/Desktop/视频
[2026-07-18 21:27:39] 批量保存路径已选: C:/Users/Administrator/Desktop/视频
[2026-07-18 21:27:44] 已保存 3 位UP主到Excel
[2026-07-18 21:30:57] 批量保存路径已选: C:/Users/Administrator/Desktop/视频
[2026-07-18 21:30:57] 已保存 3 位UP主到Excel
[2026-07-18 21:31:40] 批量保存路径已选: C:/Users/Administrator/Desktop/视频
[2026-07-18 21:31:41] 已保存 3 位UP主到Excel
[2026-07-18 21:34:15] 批量保存路径已选: C:/Users/Administrator/Desktop/视频
[2026-07-18 21:34:16] 已保存 3 位UP主到Excel
[2026-07-19 17:59:43] 批量保存路径已选: C:/Users/Administrator/Desktop/719视频
[2026-07-19 21:58:30] 已保存 4 位UP主到Excel
[2026-07-19 22:03:44] 已保存 4 位UP主到Excel
[2026-07-19 22:15:57] 已保存 5 位UP主到Excel
[2026-07-19 22:16:04] 已保存 5 位UP主到Excel
[2026-07-19 22:16:24] 已保存 5 位UP主到Excel
[2026-07-19 22:16:44] 已保存 5 位UP主到Excel
[2026-07-19 22:18:43] 已保存 5 位UP主到Excel
[2026-07-19 22:20:53] 已保存 5 位UP主到Excel
[2026-07-19 22:21:07] 已保存 5 位UP主到Excel
[2026-07-19 22:25:40] 已保存 5 位UP主到Excel
[2026-07-19 22:35:45] 已保存 5 位UP主到Excel
[2026-07-20 09:18:24] 已保存 6 位UP主到Excel
[2026-07-20 10:38:02] 已保存 7 位UP主到Excel
[2026-07-20 11:59:57] 批量保存路径已选: E:/video2txt
[2026-07-20 11:59:58] 已保存 7 位UP主到Excel
[2026-07-20 19:38:52] 批量保存路径已选: E:/video2txt
[2026-07-20 21:55:39] 保存路径已选: E:/video2txt
[2026-07-21 08:48:00] 已保存 7 位UP主到Excel
[2026-07-21 09:19:20] 已保存 7 位UP主到Excel
[2026-07-21 09:24:55] 保存路径已选: E:/video2txt
[2026-07-21 09:31:11] button_5 CLICKED
[2026-07-21 09:31:11] button_5 ERROR: name 'combo_year_2' is not defined
Traceback (most recent call last):
  File "gui.py", line 413, in button_5_clicked
  File "gui.py", line 439, in _button_5_clicked_impl
NameError: name 'combo_year_2' is not defined

[2026-07-21 09:35:22] button_5 CLICKED
[2026-07-21 09:35:22] button_5 ERROR: name 'combo_year_2' is not defined
Traceback (most recent call last):
  File "gui.py", line 432, in button_5_clicked
NameError: name 'combo_year_2' is not defined

[2026-07-21 09:35:52] button_5 CLICKED
[2026-07-21 09:35:52] button_5 ERROR: name 'combo_year_2' is not defined
Traceback (most recent call last):
  File "gui.py", line 432, in button_5_clicked
NameError: name 'combo_year_2' is not defined

[2026-07-21 09:37:01] button_5 CLICKED
[2026-07-21 09:37:01] button_5 ERROR: name 'combo_year_2' is not defined
Traceback (most recent call last):
  File "gui.py", line 432, in button_5_clicked
NameError: name 'combo_year_2' is not defined

[2026-07-21 09:38:40] button_5 CLICKED
[2026-07-21 09:38:40] button_5 ERROR: name 'combo_year_2' is not defined
Traceback (most recent call last):
  File "gui.py", line 432, in button_5_clicked
NameError: name 'combo_year_2' is not defined

[2026-07-21 09:39:02] button_5 CLICKED
[2026-07-21 09:39:02] button_5 ERROR: name 'combo_year_2' is not defined
Traceback (most recent call last):
  File "gui.py", line 432, in button_5_clicked
NameError: name 'combo_year_2' is not defined

[2026-07-21 09:41:37] button_5 CLICKED
[2026-07-21 09:41:37] button_5 ERROR: name 'combo_year_2' is not defined
Traceback (most recent call last):
  File "gui.py", line 432, in button_5_clicked
NameError: name 'combo_year_2' is not defined

[2026-07-21 09:41:53] button_5 CLICKED
[2026-07-21 09:41:53] button_5 ERROR: name 'combo_year_2' is not defined
Traceback (most recent call last):
  File "gui.py", line 432, in button_5_clicked
NameError: name 'combo_year_2' is not defined

[2026-07-21 09:48:35] button_5 CLICKED
[2026-07-21 09:48:35] button_5 ERROR: 'combo_year_2'
Traceback (most recent call last):
  File "gui.py", line 433, in button_5_clicked
KeyError: 'combo_year_2'

[2026-07-21 09:48:47] button_5 CLICKED
[2026-07-21 09:48:47] button_5 ERROR: 'combo_year_2'
Traceback (most recent call last):
  File "gui.py", line 433, in button_5_clicked
KeyError: 'combo_year_2'

[2026-07-21 09:51:03] button_5 CLICKED
[2026-07-21 09:51:03] button_5 ERROR: module '__main__' has no attribute 'combo_year_2'
Traceback (most recent call last):
  File "gui.py", line 433, in button_5_clicked
AttributeError: module '__main__' has no attribute 'combo_year_2'

[2026-07-21 09:55:57] button_5 CLICKED
[2026-07-21 09:57:17] button_5 CLICKED
[2026-07-21 11:13:32] button_5 CLICKED
[2026-07-21 12:04:11] button_5 CLICKED
[2026-07-21 12:08:18] 已保存 8 位UP主到Excel
[2026-07-21 12:14:30] button_5 CLICKED
[2026-07-21 12:14:42] 自动补全触发: 3546639467809038
[2026-07-21 12:14:48] 保存按钮: 共 8 位UP主待保存
[2026-07-21 12:14:48] 已保存 8 位UP主到Excel
[2026-07-21 12:16:07] 自动补全触发: 3546639467809038
[2026-07-21 12:16:11] 保存按钮: 共 8 位UP主待保存
[2026-07-21 12:16:11] 已保存 8 位UP主到Excel
[2026-07-21 12:16:36] button_5 CLICKED
[2026-07-21 12:29:24] button_5 CLICKED
[2026-07-21 14:27:12] button_5 CLICKED
[2026-07-21 14:27:23] button_5 CLICKED
[2026-07-21 14:40:08] button_5 CLICKED
[2026-07-21 14:40:44] button_5 CLICKED
[2026-07-21 14:45:40] button_5 CLICKED
[2026-07-21 14:45:41] button_5 ERROR: name '_refresh_queue_status' is not defined
Traceback (most recent call last):
  File "gui.py", line 456, in button_5_clicked
NameError: name '_refresh_queue_status' is not defined

[2026-07-21 14:50:00] button_5 CLICKED
[2026-07-21 15:03:25] button_5 CLICKED
[2026-07-21 21:58:19] button_5 CLICKED
[2026-07-21 21:58:40] button_5 CLICKED
[2026-07-22 08:55:01] button_5 CLICKED
[2026-07-22 09:11:39] button_5 CLICKED
[2026-07-22 09:58:08] button_5 CLICKED
[2026-07-22 17:09:42] 批量保存路径已选: E:/video2txt/0722
[2026-07-22 17:09:43] button_5 CLICKED
[2026-07-23 12:10:24] 批量保存路径已选: E:/video2txt/0722
[2026-07-23 12:10:26] button_5 CLICKED
[2026-07-23 12:42:45] 批量保存路径已选: E:/video2txt/0723
[2026-07-23 12:42:46] button_5 CLICKED
